[2018-03-24 18:31:55.9] >>Log file /home/guy/Documents/github/Rpi/SmartHome/Newlog.log was created successfully
log start @linux
****************
log start @linux
****************
log start @linux
****************
[2018-03-24 18:33:09.5] [Relay#1] init in [toggle] mode on [thread_gpio_21] 
[2018-03-24 18:33:09.6] [Relay#2] init in [toggle] mode on [thread_gpio_20] 
[2018-03-24 18:33:09.6] [Relay#1] gpio init successfully
[2018-03-24 18:33:09.6] [Relay#2] gpio init successfully
[2018-03-24 18:33:10.6] [Relay#1] [False --> True] pressed [code] [1] times
[2018-03-24 18:33:15.6] [Relay#2] [False --> True] pressed [code] [1] times
[2018-03-24 18:33:15.6] [Relay#1] [True --> False] pressed [code] [2] times
[2018-03-24 18:33:20.6] [Relay#2] [True --> False] pressed [code] [2] times
log start @darwin
*****************
log start @darwin
*****************
log start @darwin
*****************
log start @darwin
*****************
log start @darwin
*****************
log start @linux
****************
log start @linux
****************
log start @linux
****************
log start @linux
****************
[2018-04-04 19:56:10.7] [Relay#1] init in [toggle] mode on [thread_gpio_21] 
[2018-04-04 19:56:11.0] [Relay#2] init in [toggle] mode on [thread_gpio_20] 
[2018-04-04 19:56:11.0] [Relay#1] GPIO initialize successfully
[2018-04-04 19:56:11.0] [Relay#2] GPIO initialize successfully
[2018-04-04 19:56:12.3] [Relay#1] [False --> True] pressed [code] [1] times
[2018-04-04 19:56:17.3] [Relay#2] [False --> True] pressed [code] [1] times
[2018-04-04 19:56:17.3] [Relay#1] [True --> False] pressed [code] [2] times
[2018-04-04 19:56:22.3] [Relay#2] [True --> False] pressed [code] [2] times
log start @linux
****************
[2018-04-06 12:41:13.12568] [Relay#1] init in [toggle] mode on [thread_gpio_21] 
[2018-04-06 12:41:13.13519] [Relay#2] GPIO initialize successfully
[2018-04-06 12:41:13.13732] [Relay#1] GPIO initialize successfully
[2018-04-06 12:41:13.13769] [Relay#2] init in [toggle] mode on [thread_gpio_20] 
[2018-04-06 12:41:14.14937] [Relay#1] [False --> True] pressed [button] [1] times
[2018-04-06 12:41:19.15585] [Relay#2] [False --> True] pressed [button] [1] times
[2018-04-06 12:41:19.15706] [Relay#1] [True --> False] pressed [button] [2] times
[2018-04-06 12:41:24.16298] [Relay#2] [True --> False] pressed [button] [2] times
[2018-04-06 12:41:36.48965] [Relay#1] [False --> True] pressed [button] [3] times
[2018-04-06 12:41:38.49506] [Relay#1] [True --> False] pressed [button] [4] times
[2018-04-06 12:41:38.68450] [Relay#1] [False --> True] pressed [button] [5] times
[2018-04-06 12:41:40.71853] [Relay#1] [True --> False] pressed [button] [6] times
[2018-04-06 12:41:43.72204] [Relay#2] [False --> True] pressed [button] [3] times
[2018-04-06 12:41:44.91234] [Relay#1] [False --> True] pressed [button] [7] times
[2018-04-06 12:41:45.88505] [Relay#2] [True --> False] pressed [button] [4] times
[2018-04-06 12:41:46.75712] [Relay#1] [True --> False] pressed [button] [8] times
log start @linux
****************
[2018-04-06 12:42:04.29346] [Relay#1] init in [toggle] mode on [thread_gpio_21] 
[2018-04-06 12:42:04.30039] [Relay#1] GPIO initialize successfully
[2018-04-06 12:42:04.30413] [Relay#2] init in [press] mode on [thread_gpio_20] 
[2018-04-06 12:42:04.30853] [Relay#2] GPIO initialize successfully
[2018-04-06 12:42:05.30728] [Relay#1] [False --> True] pressed [button] [1] times
[2018-04-06 12:42:10.31366] [Relay#2] pressed [button] [1] times
[2018-04-06 12:42:10.31463] [Relay#1] [True --> False] pressed [button] [2] times
[2018-04-06 12:42:20.24755] [Relay#1] [False --> True] pressed [button] [3] times
[2018-04-06 12:42:25.15888] [Relay#1] [True --> False] pressed [button] [4] times
[2018-04-06 12:42:26.43102] [Relay#2] pressed [button] [2] times
[2018-04-06 12:42:26.58011] [Relay#2] [Relay#2] released
[2018-04-06 12:42:33.83535] [Relay#2] pressed [button] [3] times
[2018-04-06 12:42:34.02919] [Relay#2] [Relay#2] released
[2018-04-06 12:42:45.27788] [Relay#2] pressed [button] [4] times
[2018-04-06 12:42:45.51478] [Relay#2] [Relay#2] released
[2018-04-06 12:42:46.54298] [Relay#2] pressed [button] [5] times
[2018-04-06 12:42:48.94101] [Relay#2] [Relay#2] released
log start @linux
****************
[2018-04-06 12:43:41.95356] [Relay#1] init in [toggle] mode on [thread_gpio_21] 
[2018-04-06 12:43:41.95992] [Relay#1] GPIO initialize successfully
[2018-04-06 12:43:41.96259] [Relay#2] init in [press] mode on [thread_gpio_20] 
[2018-04-06 12:43:41.96644] [Relay#2] GPIO initialize successfully
[2018-04-06 12:43:42.96687] [Relay#1] [False --> True] pressed [button] [1] times
[2018-04-06 12:43:47.96884] [Relay#2] pressed [button] [1] times
[2018-04-06 12:43:47.97097] [Relay#1] [True --> False] pressed [button] [2] times
[2018-04-06 12:43:50.88724] [Relay#1] [False --> True] pressed [button] [3] times
[2018-04-06 12:43:52.40881] [Relay#1] [True --> False] pressed [button] [4] times
[2018-04-06 12:43:53.56357] [Relay#1] [False --> True] pressed [button] [5] times
[2018-04-06 12:43:54.34044] [Relay#1] [True --> False] pressed [button] [6] times
[2018-04-06 12:43:54.97843] [Relay#2] pressed [button] [2] times
log start @linux
****************
[2018-04-06 14:59:06.73676] [Relay#1] init in [toggle] mode on [thread_gpio_21] 
[2018-04-06 14:59:06.74290] [Relay#2] init in [press] mode on [thread_gpio_20] 
[2018-04-06 14:59:06.74510] [Relay#1] GPIO initialize successfully
[2018-04-06 14:59:06.74993] [Relay#2] GPIO initialize successfully
[2018-04-06 14:59:07.75052] [Relay#1] [False --> True] pressed [button] [1] times
[2018-04-06 14:59:12.56696] [Relay#1] [True --> False] pressed [button] [2] times
[2018-04-06 14:59:13.86489] [Relay#2] pressed [button] [1] times
[2018-04-06 14:59:14.02138] [Relay#1] [False --> True] pressed [button] [3] times
[2018-04-06 14:59:16.73337] [Relay#1] [True --> False] pressed [button] [4] times
[2018-04-06 14:59:19.43607] [Relay#1] [False --> True] pressed [button] [5] times
[2018-04-06 14:59:19.65326] [Relay#1] [True --> False] pressed [button] [6] times
[2018-04-06 14:59:20.53221] [Relay#2] pressed [button] [2] times
[2018-04-06 14:59:20.72755] [Relay#2] released
[2018-04-06 14:59:20.72849] [Relay#2] pressed [button] [3] times
[2018-04-06 14:59:20.72925] [Relay#2] released
[2018-04-06 14:59:25.18219] [Relay#2] pressed [button] [4] times
[2018-04-06 14:59:25.36358] [Relay#2] released
[2018-04-06 14:59:30.82074] [Relay#2] pressed [button] [5] times
[2018-04-06 14:59:31.85418] [Relay#2] released
log start @linux
****************
[2018-04-06 15:17:59.00024] [Relay#1] init [toggle mode][GPIO in/out:19/21] 
[2018-04-06 15:17:59.00636] [Relay#1] GPIO initialize successfully
[2018-04-06 15:17:59.00912] [Relay#2] init [press mode][GPIO in/out:26/20] 
[2018-04-06 15:17:59.01433] [Relay#2] GPIO initialize successfully
[2018-04-06 15:18:00.01594] [Relay#1] [False --> True] pressed [code] [1] times
[2018-04-06 15:18:05.01779] [Relay#2] [pressed] [code] [1 times]
[2018-04-06 15:18:05.01932] [Relay#1] [True --> False] pressed [code] [2] times
[2018-04-06 15:18:05.29387] [Relay#1] [False --> True] pressed [button] [3] times
[2018-04-06 15:18:05.57540] [Relay#1] [True --> False] pressed [button] [4] times
[2018-04-06 15:18:13.44593] [Relay#1] [False --> True] pressed [button] [5] times
[2018-04-06 15:18:15.41056] [Relay#1] [True --> False] pressed [button] [6] times
[2018-04-06 15:18:16.91637] [Relay#1] [False --> True] pressed [button] [7] times
[2018-04-06 15:18:17.11657] [Relay#1] [True --> False] pressed [button] [8] times
[2018-04-06 15:18:21.65251] [Relay#2] [pressed] [button] [2 times]
[2018-04-06 15:18:21.83824] [Relay#2] [released] [button]
[2018-04-06 15:18:24.38652] [Relay#2] [pressed] [button] [3 times]
[2018-04-06 15:18:25.62034] [Relay#2] [released] [button]
[2018-04-06 15:18:31.16476] [Relay#2] [pressed] [button] [4 times]
[2018-04-06 15:18:31.38938] [Relay#2] [released] [button]
