[2018-04-20 18:02:11.9] >>Log file /home/guy/Documents/github/Rpi/SmartHome/SingleSwitche.log was created successfully

log start @guy-desktop, IP:192.168.2.113, OS:linux, Name:RoomLight
*******************************************************************
[2018-04-20 18:02:12.2] [RoomLight] init [toggle mode][GPIO in/out:19/21] 
[2018-04-20 18:02:12.2] [RoomLight] GPIO initialize successfully
[2018-04-20 18:02:14.2] [LCD Display] not present/ driver error

log start @guy-desktop, IP:192.168.2.113, OS:linux, Name:RoomLight
*******************************************************************
[2018-04-20 18:03:58.1] [RoomLight] init [toggle mode][GPIO in/out:19/21] 
[2018-04-20 18:03:58.1] [RoomLight] GPIO initialize successfully
[2018-04-20 18:04:00.1] [LCD Display] not present/ driver error
[2018-04-20 18:04:03.1] [RoomLight] [False --> True] pressed [code] [1] times
[2018-04-20 18:04:04.1] [RoomLight] [True --> False] pressed [code] [2] times

log start @guy-desktop, IP:192.168.2.113, OS:linux, Name:RoomLight
*******************************************************************
[2018-04-20 20:45:10.9] [RoomLight] init [toggle mode][GPIO in/out:19/21] 
[2018-04-20 20:45:10.9] [RoomLight] GPIO initialize successfully
[2018-04-20 20:45:12.9] [LCD Display] not present/ driver error
[2018-04-20 20:45:15.9] [RoomLight] [False --> True] pressed [code] [1] times
[2018-04-20 20:45:16.9] [RoomLight] [True --> False] pressed [code] [2] times

log start @guy-desktop, IP:192.168.2.113, OS:linux, Name:RoomLight
*******************************************************************
[2018-04-20 22:10:00.7] [RoomLight] init [toggle mode][GPIO in/out:19/21] 
[2018-04-20 22:10:00.7] [RoomLight] GPIO initialize successfully
[2018-04-20 22:10:02.7] [LCD Display] not present/ driver error
[2018-04-20 22:10:06.0] [RoomLight] [False --> True] pressed [code] [1] times
[2018-04-20 22:10:07.0] [RoomLight] [True --> False] pressed [code] [2] times

log start @guy-desktop, IP:192.168.2.113, OS:linux, Name:RoomLight
*******************************************************************
[2018-04-20 22:31:39.0] [RoomLight] init [toggle mode][GPIO in/out:19/21] 
[2018-04-20 22:31:39.1] [RoomLight] GPIO initialize successfully
[2018-04-20 22:31:41.1] [LCD Display] not present/ driver error
[2018-04-20 22:31:46.3] [RoomLight] [False --> True] pressed [code] [1] times
[2018-04-20 22:31:47.3] [RoomLight] [True --> False] pressed [code] [2] times

log start @guy-desktop, IP:192.168.2.113, OS:linux, Name:RoomLight
*******************************************************************
[2018-04-20 22:45:56.4] [RoomLight] init [toggle mode][GPIO in/out:19/21] 
[2018-04-20 22:45:56.4] [RoomLight] GPIO initialize successfully
[2018-04-20 22:45:59.4] [LCD Display] not present/ driver error
[2018-04-20 22:46:02.6] [RoomLight] [False --> True] pressed [code] [1] times
[2018-04-20 22:46:02.7] [RoomLight] [watch_dog] [GPIO 21] [True]
[2018-04-20 22:46:03.6] [RoomLight] [True --> False] pressed [code] [2] times
[2018-04-20 22:46:03.7] [RoomLight] [watch_dog] [GPIO 21] [False]

log start @guy-desktop, IP:192.168.2.113, OS:linux, Name:RoomLight
*******************************************************************
[2018-04-20 23:01:36.4] [RoomLight] init [toggle mode][GPIO in/out:19/21] 
[2018-04-20 23:01:36.4] [RoomLight] GPIO initialize successfully
[2018-04-20 23:01:39.4] [LCD Display] not present/ driver error
[2018-04-20 23:01:42.7] [RoomLight] [False --> True] pressed [code] [1] times
[2018-04-20 23:01:42.7] [RoomLight] [watch_dog] [GPIO 21] [True]
[2018-04-20 23:01:43.7] [RoomLight] [True --> False] pressed [code] [2] times
[2018-04-20 23:01:43.7] [RoomLight] [watch_dog] [GPIO 21] [False]

log start @guy-desktop, IP:192.168.2.113, OS:linux, Name:RoomLight
*******************************************************************
[2018-04-20 23:12:23.9] [RoomLight] init [toggle mode][GPIO in/out:19/21] 
[2018-04-20 23:12:23.9] [RoomLight] GPIO initialize successfully
[2018-04-20 23:12:26.9] [RoomLight] watch
[2018-04-20 23:12:27.8] [LCD Display] not present/ driver error
[2018-04-20 23:12:31.0] [RoomLight] [False --> True] pressed [code] [1] times
[2018-04-20 23:12:31.0] [RoomLight] [watch_dog] [GPIO 21] [True]
[2018-04-20 23:12:32.0] [RoomLight] [True --> False] pressed [code] [2] times
[2018-04-20 23:12:32.0] [RoomLight] [watch_dog] [GPIO 21] [False]

log start @guy-desktop, IP:192.168.2.113, OS:linux, Name:RoomLight
*******************************************************************
[2018-04-20 23:14:40.5] [RoomLight] init [toggle mode][GPIO in/out:19/21] 
[2018-04-20 23:14:40.5] [RoomLight] GPIO initialize successfully
[2018-04-20 23:14:43.5] [RoomLight] [WatchDog] init
[2018-04-20 23:14:43.5] [LCD Display] not present/ driver error
[2018-04-20 23:14:46.4] [RoomLight] [False --> True] pressed [code] [1] times
[2018-04-20 23:14:46.4] [RoomLight] [WatchDog] [GPIO 21] [True]
[2018-04-20 23:14:47.4] [RoomLight] [True --> False] pressed [code] [2] times
[2018-04-20 23:14:47.4] [RoomLight] [WatchDog] [GPIO 21] [False]
